INFO - 2024-04-17 00:10:09 --> Session: Class initialized using 'CodeIgniter\Session\Handlers\FileHandler' driver.
INFO - 2024-04-17 00:10:14 --> Session: Class initialized using 'CodeIgniter\Session\Handlers\FileHandler' driver.
INFO - 2024-04-17 00:10:21 --> Session: Class initialized using 'CodeIgniter\Session\Handlers\FileHandler' driver.
INFO - 2024-04-17 00:10:21 --> Session: Class initialized using 'CodeIgniter\Session\Handlers\FileHandler' driver.
INFO - 2024-04-17 00:10:27 --> Session: Class initialized using 'CodeIgniter\Session\Handlers\FileHandler' driver.
INFO - 2024-04-17 00:10:34 --> Session: Class initialized using 'CodeIgniter\Session\Handlers\FileHandler' driver.
INFO - 2024-04-17 00:10:38 --> Session: Class initialized using 'CodeIgniter\Session\Handlers\FileHandler' driver.
INFO - 2024-04-17 00:10:39 --> Session: Class initialized using 'CodeIgniter\Session\Handlers\FileHandler' driver.
INFO - 2024-04-17 00:10:46 --> Session: Class initialized using 'CodeIgniter\Session\Handlers\FileHandler' driver.
INFO - 2024-04-17 00:10:46 --> Session: Class initialized using 'CodeIgniter\Session\Handlers\FileHandler' driver.
INFO - 2024-04-17 00:20:24 --> Session: Class initialized using 'CodeIgniter\Session\Handlers\FileHandler' driver.
INFO - 2024-04-17 00:20:26 --> Session: Class initialized using 'CodeIgniter\Session\Handlers\FileHandler' driver.
INFO - 2024-04-17 00:20:27 --> Session: Class initialized using 'CodeIgniter\Session\Handlers\FileHandler' driver.
INFO - 2024-04-17 00:20:29 --> Session: Class initialized using 'CodeIgniter\Session\Handlers\FileHandler' driver.
INFO - 2024-04-17 00:20:38 --> Session: Class initialized using 'CodeIgniter\Session\Handlers\FileHandler' driver.
INFO - 2024-04-17 00:20:52 --> Session: Class initialized using 'CodeIgniter\Session\Handlers\FileHandler' driver.
INFO - 2024-04-17 00:21:05 --> Session: Class initialized using 'CodeIgniter\Session\Handlers\FileHandler' driver.
INFO - 2024-04-17 00:24:55 --> Session: Class initialized using 'CodeIgniter\Session\Handlers\FileHandler' driver.
INFO - 2024-04-17 00:24:55 --> Session: Class initialized using 'CodeIgniter\Session\Handlers\FileHandler' driver.
INFO - 2024-04-17 00:25:04 --> Session: Class initialized using 'CodeIgniter\Session\Handlers\FileHandler' driver.
INFO - 2024-04-17 00:25:04 --> Session: Class initialized using 'CodeIgniter\Session\Handlers\FileHandler' driver.
INFO - 2024-04-17 00:25:33 --> Session: Class initialized using 'CodeIgniter\Session\Handlers\FileHandler' driver.
INFO - 2024-04-17 00:25:33 --> Session: Class initialized using 'CodeIgniter\Session\Handlers\FileHandler' driver.
INFO - 2024-04-17 00:25:39 --> Session: Class initialized using 'CodeIgniter\Session\Handlers\FileHandler' driver.
INFO - 2024-04-17 00:25:39 --> Session: Class initialized using 'CodeIgniter\Session\Handlers\FileHandler' driver.
INFO - 2024-04-17 00:25:44 --> Session: Class initialized using 'CodeIgniter\Session\Handlers\FileHandler' driver.
INFO - 2024-04-17 00:30:13 --> Session: Class initialized using 'CodeIgniter\Session\Handlers\FileHandler' driver.
INFO - 2024-04-17 00:30:13 --> Session: Class initialized using 'CodeIgniter\Session\Handlers\FileHandler' driver.
INFO - 2024-04-17 00:30:26 --> Session: Class initialized using 'CodeIgniter\Session\Handlers\FileHandler' driver.
INFO - 2024-04-17 00:30:26 --> Session: Class initialized using 'CodeIgniter\Session\Handlers\FileHandler' driver.
INFO - 2024-04-17 00:30:31 --> Session: Class initialized using 'CodeIgniter\Session\Handlers\FileHandler' driver.
INFO - 2024-04-17 00:30:33 --> Session: Class initialized using 'CodeIgniter\Session\Handlers\FileHandler' driver.
INFO - 2024-04-17 00:31:39 --> Session: Class initialized using 'CodeIgniter\Session\Handlers\FileHandler' driver.
INFO - 2024-04-17 00:31:40 --> Session: Class initialized using 'CodeIgniter\Session\Handlers\FileHandler' driver.
INFO - 2024-04-17 00:31:45 --> Session: Class initialized using 'CodeIgniter\Session\Handlers\FileHandler' driver.
INFO - 2024-04-17 00:31:45 --> Session: Class initialized using 'CodeIgniter\Session\Handlers\FileHandler' driver.
INFO - 2024-04-17 00:31:52 --> Session: Class initialized using 'CodeIgniter\Session\Handlers\FileHandler' driver.
INFO - 2024-04-17 00:31:52 --> Session: Class initialized using 'CodeIgniter\Session\Handlers\FileHandler' driver.
INFO - 2024-04-17 00:32:17 --> Session: Class initialized using 'CodeIgniter\Session\Handlers\FileHandler' driver.
INFO - 2024-04-17 00:32:17 --> Session: Class initialized using 'CodeIgniter\Session\Handlers\FileHandler' driver.
INFO - 2024-04-17 00:32:28 --> Session: Class initialized using 'CodeIgniter\Session\Handlers\FileHandler' driver.
INFO - 2024-04-17 00:33:18 --> Session: Class initialized using 'CodeIgniter\Session\Handlers\FileHandler' driver.
INFO - 2024-04-17 00:33:22 --> Session: Class initialized using 'CodeIgniter\Session\Handlers\FileHandler' driver.
INFO - 2024-04-17 00:33:27 --> Session: Class initialized using 'CodeIgniter\Session\Handlers\FileHandler' driver.
INFO - 2024-04-17 00:36:29 --> Session: Class initialized using 'CodeIgniter\Session\Handlers\FileHandler' driver.
INFO - 2024-04-17 00:36:30 --> Session: Class initialized using 'CodeIgniter\Session\Handlers\FileHandler' driver.
INFO - 2024-04-17 00:37:52 --> Session: Class initialized using 'CodeIgniter\Session\Handlers\FileHandler' driver.
INFO - 2024-04-17 00:38:20 --> Session: Class initialized using 'CodeIgniter\Session\Handlers\FileHandler' driver.
INFO - 2024-04-17 00:38:20 --> Session: Class initialized using 'CodeIgniter\Session\Handlers\FileHandler' driver.
INFO - 2024-04-17 00:38:26 --> Session: Class initialized using 'CodeIgniter\Session\Handlers\FileHandler' driver.
INFO - 2024-04-17 00:38:35 --> Session: Class initialized using 'CodeIgniter\Session\Handlers\FileHandler' driver.
INFO - 2024-04-17 00:38:42 --> Session: Class initialized using 'CodeIgniter\Session\Handlers\FileHandler' driver.
INFO - 2024-04-17 00:39:19 --> Session: Class initialized using 'CodeIgniter\Session\Handlers\FileHandler' driver.
INFO - 2024-04-17 00:39:32 --> Session: Class initialized using 'CodeIgniter\Session\Handlers\FileHandler' driver.
INFO - 2024-04-17 00:39:32 --> Session: Class initialized using 'CodeIgniter\Session\Handlers\FileHandler' driver.
INFO - 2024-04-17 00:39:39 --> Session: Class initialized using 'CodeIgniter\Session\Handlers\FileHandler' driver.
INFO - 2024-04-17 00:39:39 --> Session: Class initialized using 'CodeIgniter\Session\Handlers\FileHandler' driver.
INFO - 2024-04-17 00:51:06 --> Session: Class initialized using 'CodeIgniter\Session\Handlers\FileHandler' driver.
INFO - 2024-04-17 00:51:08 --> Session: Class initialized using 'CodeIgniter\Session\Handlers\FileHandler' driver.
INFO - 2024-04-17 00:52:00 --> Session: Class initialized using 'CodeIgniter\Session\Handlers\FileHandler' driver.
INFO - 2024-04-17 00:53:49 --> Session: Class initialized using 'CodeIgniter\Session\Handlers\FileHandler' driver.
INFO - 2024-04-17 00:57:19 --> Session: Class initialized using 'CodeIgniter\Session\Handlers\FileHandler' driver.
INFO - 2024-04-17 00:59:16 --> Session: Class initialized using 'CodeIgniter\Session\Handlers\FileHandler' driver.
INFO - 2024-04-17 00:59:18 --> Session: Class initialized using 'CodeIgniter\Session\Handlers\FileHandler' driver.
INFO - 2024-04-17 00:59:21 --> Session: Class initialized using 'CodeIgniter\Session\Handlers\FileHandler' driver.
INFO - 2024-04-17 01:02:31 --> Session: Class initialized using 'CodeIgniter\Session\Handlers\FileHandler' driver.
INFO - 2024-04-17 01:02:33 --> Session: Class initialized using 'CodeIgniter\Session\Handlers\FileHandler' driver.
INFO - 2024-04-17 01:02:35 --> Session: Class initialized using 'CodeIgniter\Session\Handlers\FileHandler' driver.
INFO - 2024-04-17 01:21:01 --> Session: Class initialized using 'CodeIgniter\Session\Handlers\FileHandler' driver.
INFO - 2024-04-17 01:34:33 --> Session: Class initialized using 'CodeIgniter\Session\Handlers\FileHandler' driver.
INFO - 2024-04-17 01:35:42 --> Session: Class initialized using 'CodeIgniter\Session\Handlers\FileHandler' driver.
INFO - 2024-04-17 01:35:50 --> Session: Class initialized using 'CodeIgniter\Session\Handlers\FileHandler' driver.
INFO - 2024-04-17 01:35:53 --> Session: Class initialized using 'CodeIgniter\Session\Handlers\FileHandler' driver.
INFO - 2024-04-17 01:35:55 --> Session: Class initialized using 'CodeIgniter\Session\Handlers\FileHandler' driver.
INFO - 2024-04-17 01:42:02 --> Session: Class initialized using 'CodeIgniter\Session\Handlers\FileHandler' driver.
CRITICAL - 2024-04-17 01:42:03 --> ErrorException: Cannot declare class App\Controllers\Etalase, because the name is already in use
in APPPATH\Views\etalase\beli.php on line 4.
 1 [internal function]: CodeIgniter\Debug\Exceptions->shutdownHandler()
INFO - 2024-04-17 01:42:19 --> Session: Class initialized using 'CodeIgniter\Session\Handlers\FileHandler' driver.
INFO - 2024-04-17 01:42:21 --> Session: Class initialized using 'CodeIgniter\Session\Handlers\FileHandler' driver.
INFO - 2024-04-17 01:42:23 --> Session: Class initialized using 'CodeIgniter\Session\Handlers\FileHandler' driver.
CRITICAL - 2024-04-17 01:42:24 --> ErrorException: Cannot declare class App\Controllers\Etalase, because the name is already in use
in APPPATH\Views\etalase\beli.php on line 4.
 1 [internal function]: CodeIgniter\Debug\Exceptions->shutdownHandler()
INFO - 2024-04-17 01:45:21 --> Session: Class initialized using 'CodeIgniter\Session\Handlers\FileHandler' driver.
INFO - 2024-04-17 01:45:23 --> Session: Class initialized using 'CodeIgniter\Session\Handlers\FileHandler' driver.
INFO - 2024-04-17 01:45:25 --> Session: Class initialized using 'CodeIgniter\Session\Handlers\FileHandler' driver.
INFO - 2024-04-17 01:45:29 --> Session: Class initialized using 'CodeIgniter\Session\Handlers\FileHandler' driver.
INFO - 2024-04-17 01:45:34 --> Session: Class initialized using 'CodeIgniter\Session\Handlers\FileHandler' driver.
INFO - 2024-04-17 01:45:38 --> Session: Class initialized using 'CodeIgniter\Session\Handlers\FileHandler' driver.
INFO - 2024-04-17 01:45:49 --> Session: Class initialized using 'CodeIgniter\Session\Handlers\FileHandler' driver.
INFO - 2024-04-17 01:45:52 --> Session: Class initialized using 'CodeIgniter\Session\Handlers\FileHandler' driver.
INFO - 2024-04-17 01:46:43 --> Session: Class initialized using 'CodeIgniter\Session\Handlers\FileHandler' driver.
INFO - 2024-04-17 01:46:48 --> Session: Class initialized using 'CodeIgniter\Session\Handlers\FileHandler' driver.
INFO - 2024-04-17 01:57:08 --> Session: Class initialized using 'CodeIgniter\Session\Handlers\FileHandler' driver.
INFO - 2024-04-17 01:57:17 --> Session: Class initialized using 'CodeIgniter\Session\Handlers\FileHandler' driver.
INFO - 2024-04-17 01:57:20 --> Session: Class initialized using 'CodeIgniter\Session\Handlers\FileHandler' driver.
INFO - 2024-04-17 02:06:08 --> Session: Class initialized using 'CodeIgniter\Session\Handlers\FileHandler' driver.
INFO - 2024-04-17 02:06:10 --> Session: Class initialized using 'CodeIgniter\Session\Handlers\FileHandler' driver.
INFO - 2024-04-17 02:06:18 --> Session: Class initialized using 'CodeIgniter\Session\Handlers\FileHandler' driver.
INFO - 2024-04-17 02:06:22 --> Session: Class initialized using 'CodeIgniter\Session\Handlers\FileHandler' driver.
INFO - 2024-04-17 02:06:34 --> Session: Class initialized using 'CodeIgniter\Session\Handlers\FileHandler' driver.
INFO - 2024-04-17 02:06:36 --> Session: Class initialized using 'CodeIgniter\Session\Handlers\FileHandler' driver.
CRITICAL - 2024-04-17 02:06:36 --> CodeIgniter\View\Exceptions\ViewException: Invalid file: "transaksi/view.php"
in SYSTEMPATH\Exceptions\FrameworkException.php on line 39.
 1 SYSTEMPATH\View\View.php(216): CodeIgniter\Exceptions\FrameworkException::forInvalidFile('transaksi/view.php')
 2 SYSTEMPATH\Common.php(1178): CodeIgniter\View\View->render('transaksi/view', [], true)
 3 APPPATH\Controllers\Transaksi.php(27): view('transaksi/view', [...])
 4 SYSTEMPATH\CodeIgniter.php(943): App\Controllers\Transaksi->view('1')
 5 SYSTEMPATH\CodeIgniter.php(503): CodeIgniter\CodeIgniter->runController(Object(App\Controllers\Transaksi))
 6 SYSTEMPATH\CodeIgniter.php(361): CodeIgniter\CodeIgniter->handleRequest(null, Object(Config\Cache), false)
 7 FCPATH\index.php(79): CodeIgniter\CodeIgniter->run()
INFO - 2024-04-17 02:14:41 --> Session: Class initialized using 'CodeIgniter\Session\Handlers\FileHandler' driver.
INFO - 2024-04-17 02:14:43 --> Session: Class initialized using 'CodeIgniter\Session\Handlers\FileHandler' driver.
INFO - 2024-04-17 02:14:49 --> Session: Class initialized using 'CodeIgniter\Session\Handlers\FileHandler' driver.
INFO - 2024-04-17 02:14:55 --> Session: Class initialized using 'CodeIgniter\Session\Handlers\FileHandler' driver.
INFO - 2024-04-17 02:14:59 --> Session: Class initialized using 'CodeIgniter\Session\Handlers\FileHandler' driver.
INFO - 2024-04-17 02:15:12 --> Session: Class initialized using 'CodeIgniter\Session\Handlers\FileHandler' driver.
INFO - 2024-04-17 02:15:14 --> Session: Class initialized using 'CodeIgniter\Session\Handlers\FileHandler' driver.
INFO - 2024-04-17 02:15:25 --> Session: Class initialized using 'CodeIgniter\Session\Handlers\FileHandler' driver.
INFO - 2024-04-17 02:15:26 --> Session: Class initialized using 'CodeIgniter\Session\Handlers\FileHandler' driver.
INFO - 2024-04-17 02:21:58 --> Session: Class initialized using 'CodeIgniter\Session\Handlers\FileHandler' driver.
INFO - 2024-04-17 02:22:21 --> Session: Class initialized using 'CodeIgniter\Session\Handlers\FileHandler' driver.
INFO - 2024-04-17 02:24:26 --> Session: Class initialized using 'CodeIgniter\Session\Handlers\FileHandler' driver.
INFO - 2024-04-17 02:24:29 --> Session: Class initialized using 'CodeIgniter\Session\Handlers\FileHandler' driver.
INFO - 2024-04-17 02:25:22 --> Session: Class initialized using 'CodeIgniter\Session\Handlers\FileHandler' driver.
INFO - 2024-04-17 02:25:47 --> Session: Class initialized using 'CodeIgniter\Session\Handlers\FileHandler' driver.
INFO - 2024-04-17 02:26:07 --> Session: Class initialized using 'CodeIgniter\Session\Handlers\FileHandler' driver.
INFO - 2024-04-17 02:26:08 --> Session: Class initialized using 'CodeIgniter\Session\Handlers\FileHandler' driver.
INFO - 2024-04-17 02:26:29 --> Session: Class initialized using 'CodeIgniter\Session\Handlers\FileHandler' driver.
INFO - 2024-04-17 02:26:32 --> Session: Class initialized using 'CodeIgniter\Session\Handlers\FileHandler' driver.
INFO - 2024-04-17 02:26:45 --> Session: Class initialized using 'CodeIgniter\Session\Handlers\FileHandler' driver.
ERROR - 2024-04-17 02:26:48 --> Email: sendWithMail throwed ErrorException: mail(): Failed to connect to mailserver at &quot;localhost&quot; port 25, verify your &quot;SMTP&quot; and &quot;smtp_port&quot; setting in php.ini or use ini_set() in C:\xampp\htdocs\toko_online\vendor\codeigniter4\framework\system\Email\Email.php:1763
Stack trace:
#0 [internal function]: CodeIgniter\Debug\Exceptions->errorHandler(2, 'mail(): Failed ...', 'C:\\xampp\\htdocs...', 1763)
#1 C:\xampp\htdocs\toko_online\vendor\codeigniter4\framework\system\Email\Email.php(1763): mail('deavenditama@gm...', '=?UTF-8?Q?Invoi...', 'This is a multi...', 'Date: Wed, 17 A...', '-f deavenditama...')
#2 C:\xampp\htdocs\toko_online\vendor\codeigniter4\framework\system\Email\Email.php(1695): CodeIgniter\Email\Email->sendWithMail()
#3 C:\xampp\htdocs\toko_online\vendor\codeigniter4\framework\system\Email\Email.php(1587): CodeIgniter\Email\Email->spoolEmail()
#4 C:\xampp\htdocs\toko_online\app\Controllers\Transaksi.php(98): CodeIgniter\Email\Email->send()
#5 C:\xampp\htdocs\toko_online\app\Controllers\Transaksi.php(81): App\Controllers\Transaksi->sendEmail('http://127.0.0....', 'deavenditama@gm...', 'Invoice', '<h1>Invoice Pem...')
#6 C:\xampp\htdocs\toko_online\vendor\codeigniter4\framework\system\CodeIgniter.php(943): App\Controllers\Transaksi->invoice('1')
#7 C:\xampp\htdocs\toko_online\vendor\codeigniter4\framework\system\CodeIgniter.php(503): CodeIgniter\CodeIgniter->runController(Object(App\Controllers\Transaksi))
#8 C:\xampp\htdocs\toko_online\vendor\codeigniter4\framework\system\CodeIgniter.php(361): CodeIgniter\CodeIgniter->handleRequest(NULL, Object(Config\Cache), false)
#9 C:\xampp\htdocs\toko_online\public\index.php(79): CodeIgniter\CodeIgniter->run()
#10 {main}
ERROR - 2024-04-17 02:26:48 --> Email: Unable to send email using PHP mail(). Your server might not be configured to send mail using this method.
ERROR - 2024-04-17 02:26:48 --> 
INFO - 2024-04-17 02:26:48 --> Session: Class initialized using 'CodeIgniter\Session\Handlers\FileHandler' driver.
INFO - 2024-04-17 03:42:51 --> Session: Class initialized using 'CodeIgniter\Session\Handlers\FileHandler' driver.
INFO - 2024-04-17 03:42:52 --> Session: Class initialized using 'CodeIgniter\Session\Handlers\FileHandler' driver.
INFO - 2024-04-17 03:43:03 --> Session: Class initialized using 'CodeIgniter\Session\Handlers\FileHandler' driver.
INFO - 2024-04-17 03:43:04 --> Session: Class initialized using 'CodeIgniter\Session\Handlers\FileHandler' driver.
INFO - 2024-04-17 03:43:06 --> Session: Class initialized using 'CodeIgniter\Session\Handlers\FileHandler' driver.
INFO - 2024-04-17 03:43:17 --> Session: Class initialized using 'CodeIgniter\Session\Handlers\FileHandler' driver.
INFO - 2024-04-17 03:43:17 --> Session: Class initialized using 'CodeIgniter\Session\Handlers\FileHandler' driver.
INFO - 2024-04-17 03:43:20 --> Session: Class initialized using 'CodeIgniter\Session\Handlers\FileHandler' driver.
INFO - 2024-04-17 03:43:22 --> Session: Class initialized using 'CodeIgniter\Session\Handlers\FileHandler' driver.
INFO - 2024-04-17 03:43:22 --> Session: Class initialized using 'CodeIgniter\Session\Handlers\FileHandler' driver.
INFO - 2024-04-17 03:43:25 --> Session: Class initialized using 'CodeIgniter\Session\Handlers\FileHandler' driver.
INFO - 2024-04-17 03:43:25 --> Session: Class initialized using 'CodeIgniter\Session\Handlers\FileHandler' driver.
INFO - 2024-04-17 03:43:29 --> Session: Class initialized using 'CodeIgniter\Session\Handlers\FileHandler' driver.
INFO - 2024-04-17 09:27:57 --> Session: Class initialized using 'CodeIgniter\Session\Handlers\FileHandler' driver.
INFO - 2024-04-17 09:27:58 --> Session: Class initialized using 'CodeIgniter\Session\Handlers\FileHandler' driver.
INFO - 2024-04-17 09:29:08 --> Session: Class initialized using 'CodeIgniter\Session\Handlers\FileHandler' driver.
INFO - 2024-04-17 09:29:15 --> Session: Class initialized using 'CodeIgniter\Session\Handlers\FileHandler' driver.
INFO - 2024-04-17 09:29:22 --> Session: Class initialized using 'CodeIgniter\Session\Handlers\FileHandler' driver.
INFO - 2024-04-17 09:29:30 --> Session: Class initialized using 'CodeIgniter\Session\Handlers\FileHandler' driver.
INFO - 2024-04-17 09:29:31 --> Session: Class initialized using 'CodeIgniter\Session\Handlers\FileHandler' driver.
INFO - 2024-04-17 09:29:42 --> Session: Class initialized using 'CodeIgniter\Session\Handlers\FileHandler' driver.
INFO - 2024-04-17 09:31:53 --> Session: Class initialized using 'CodeIgniter\Session\Handlers\FileHandler' driver.
INFO - 2024-04-17 09:33:01 --> Session: Class initialized using 'CodeIgniter\Session\Handlers\FileHandler' driver.
INFO - 2024-04-17 09:33:37 --> Session: Class initialized using 'CodeIgniter\Session\Handlers\FileHandler' driver.
INFO - 2024-04-17 09:33:56 --> Session: Class initialized using 'CodeIgniter\Session\Handlers\FileHandler' driver.
INFO - 2024-04-17 09:34:00 --> Session: Class initialized using 'CodeIgniter\Session\Handlers\FileHandler' driver.
INFO - 2024-04-17 09:34:00 --> Session: Class initialized using 'CodeIgniter\Session\Handlers\FileHandler' driver.
INFO - 2024-04-17 09:34:02 --> Session: Class initialized using 'CodeIgniter\Session\Handlers\FileHandler' driver.
INFO - 2024-04-17 09:34:14 --> Session: Class initialized using 'CodeIgniter\Session\Handlers\FileHandler' driver.
INFO - 2024-04-17 09:34:24 --> Session: Class initialized using 'CodeIgniter\Session\Handlers\FileHandler' driver.
INFO - 2024-04-17 09:34:24 --> Session: Class initialized using 'CodeIgniter\Session\Handlers\FileHandler' driver.
INFO - 2024-04-17 09:34:41 --> Session: Class initialized using 'CodeIgniter\Session\Handlers\FileHandler' driver.
INFO - 2024-04-17 09:34:48 --> Session: Class initialized using 'CodeIgniter\Session\Handlers\FileHandler' driver.
INFO - 2024-04-17 09:34:56 --> Session: Class initialized using 'CodeIgniter\Session\Handlers\FileHandler' driver.
INFO - 2024-04-17 09:35:01 --> Session: Class initialized using 'CodeIgniter\Session\Handlers\FileHandler' driver.
INFO - 2024-04-17 09:35:08 --> Session: Class initialized using 'CodeIgniter\Session\Handlers\FileHandler' driver.
INFO - 2024-04-17 09:35:10 --> Session: Class initialized using 'CodeIgniter\Session\Handlers\FileHandler' driver.
INFO - 2024-04-17 09:35:12 --> Session: Class initialized using 'CodeIgniter\Session\Handlers\FileHandler' driver.
INFO - 2024-04-17 09:35:14 --> Session: Class initialized using 'CodeIgniter\Session\Handlers\FileHandler' driver.
INFO - 2024-04-17 09:35:14 --> Session: Class initialized using 'CodeIgniter\Session\Handlers\FileHandler' driver.
INFO - 2024-04-17 09:36:15 --> Session: Class initialized using 'CodeIgniter\Session\Handlers\FileHandler' driver.
INFO - 2024-04-17 09:36:15 --> Session: Class initialized using 'CodeIgniter\Session\Handlers\FileHandler' driver.
INFO - 2024-04-17 09:36:20 --> Session: Class initialized using 'CodeIgniter\Session\Handlers\FileHandler' driver.
INFO - 2024-04-17 09:36:22 --> Session: Class initialized using 'CodeIgniter\Session\Handlers\FileHandler' driver.
INFO - 2024-04-17 09:36:24 --> Session: Class initialized using 'CodeIgniter\Session\Handlers\FileHandler' driver.
INFO - 2024-04-17 09:36:29 --> Session: Class initialized using 'CodeIgniter\Session\Handlers\FileHandler' driver.
INFO - 2024-04-17 09:36:35 --> Session: Class initialized using 'CodeIgniter\Session\Handlers\FileHandler' driver.
INFO - 2024-04-17 09:37:00 --> Session: Class initialized using 'CodeIgniter\Session\Handlers\FileHandler' driver.
INFO - 2024-04-17 09:37:05 --> Session: Class initialized using 'CodeIgniter\Session\Handlers\FileHandler' driver.
INFO - 2024-04-17 09:37:05 --> Session: Class initialized using 'CodeIgniter\Session\Handlers\FileHandler' driver.
INFO - 2024-04-17 09:37:12 --> Session: Class initialized using 'CodeIgniter\Session\Handlers\FileHandler' driver.
INFO - 2024-04-17 09:37:12 --> Session: Class initialized using 'CodeIgniter\Session\Handlers\FileHandler' driver.
INFO - 2024-04-17 09:37:19 --> Session: Class initialized using 'CodeIgniter\Session\Handlers\FileHandler' driver.
INFO - 2024-04-17 09:42:32 --> Session: Class initialized using 'CodeIgniter\Session\Handlers\FileHandler' driver.
INFO - 2024-04-17 09:42:32 --> Session: Class initialized using 'CodeIgniter\Session\Handlers\FileHandler' driver.
INFO - 2024-04-17 09:42:38 --> Session: Class initialized using 'CodeIgniter\Session\Handlers\FileHandler' driver.
INFO - 2024-04-17 09:42:38 --> Session: Class initialized using 'CodeIgniter\Session\Handlers\FileHandler' driver.
INFO - 2024-04-17 09:42:42 --> Session: Class initialized using 'CodeIgniter\Session\Handlers\FileHandler' driver.
INFO - 2024-04-17 09:42:43 --> Session: Class initialized using 'CodeIgniter\Session\Handlers\FileHandler' driver.
ERROR - 2024-04-17 09:42:47 --> Email: sendWithMail throwed ErrorException: mail(): Failed to connect to mailserver at &quot;localhost&quot; port 25, verify your &quot;SMTP&quot; and &quot;smtp_port&quot; setting in php.ini or use ini_set() in C:\xampp\htdocs\toko_online\vendor\codeigniter4\framework\system\Email\Email.php:1763
Stack trace:
#0 [internal function]: CodeIgniter\Debug\Exceptions->errorHandler(2, 'mail(): Failed ...', 'C:\\xampp\\htdocs...', 1763)
#1 C:\xampp\htdocs\toko_online\vendor\codeigniter4\framework\system\Email\Email.php(1763): mail('deavenditama@gm...', '=?UTF-8?Q?Invoi...', 'This is a multi...', 'Date: Wed, 17 A...', '-f deavenditama...')
#2 C:\xampp\htdocs\toko_online\vendor\codeigniter4\framework\system\Email\Email.php(1695): CodeIgniter\Email\Email->sendWithMail()
#3 C:\xampp\htdocs\toko_online\vendor\codeigniter4\framework\system\Email\Email.php(1587): CodeIgniter\Email\Email->spoolEmail()
#4 C:\xampp\htdocs\toko_online\app\Controllers\Transaksi.php(98): CodeIgniter\Email\Email->send()
#5 C:\xampp\htdocs\toko_online\app\Controllers\Transaksi.php(81): App\Controllers\Transaksi->sendEmail('http://127.0.0....', 'deavenditama@gm...', 'Invoice', '<h1>Invoice Pem...')
#6 C:\xampp\htdocs\toko_online\vendor\codeigniter4\framework\system\CodeIgniter.php(943): App\Controllers\Transaksi->invoice('1')
#7 C:\xampp\htdocs\toko_online\vendor\codeigniter4\framework\system\CodeIgniter.php(503): CodeIgniter\CodeIgniter->runController(Object(App\Controllers\Transaksi))
#8 C:\xampp\htdocs\toko_online\vendor\codeigniter4\framework\system\CodeIgniter.php(361): CodeIgniter\CodeIgniter->handleRequest(NULL, Object(Config\Cache), false)
#9 C:\xampp\htdocs\toko_online\public\index.php(79): CodeIgniter\CodeIgniter->run()
#10 {main}
ERROR - 2024-04-17 09:42:47 --> Email: Unable to send email using PHP mail(). Your server might not be configured to send mail using this method.
ERROR - 2024-04-17 09:42:47 --> 
INFO - 2024-04-17 09:42:47 --> Session: Class initialized using 'CodeIgniter\Session\Handlers\FileHandler' driver.
INFO - 2024-04-17 09:42:50 --> Session: Class initialized using 'CodeIgniter\Session\Handlers\FileHandler' driver.
ERROR - 2024-04-17 09:42:53 --> Email: sendWithMail throwed ErrorException: mail(): Failed to connect to mailserver at &quot;localhost&quot; port 25, verify your &quot;SMTP&quot; and &quot;smtp_port&quot; setting in php.ini or use ini_set() in C:\xampp\htdocs\toko_online\vendor\codeigniter4\framework\system\Email\Email.php:1763
Stack trace:
#0 [internal function]: CodeIgniter\Debug\Exceptions->errorHandler(2, 'mail(): Failed ...', 'C:\\xampp\\htdocs...', 1763)
#1 C:\xampp\htdocs\toko_online\vendor\codeigniter4\framework\system\Email\Email.php(1763): mail('deavenditama@gm...', '=?UTF-8?Q?Invoi...', 'This is a multi...', 'Date: Wed, 17 A...', '-f deavenditama...')
#2 C:\xampp\htdocs\toko_online\vendor\codeigniter4\framework\system\Email\Email.php(1695): CodeIgniter\Email\Email->sendWithMail()
#3 C:\xampp\htdocs\toko_online\vendor\codeigniter4\framework\system\Email\Email.php(1587): CodeIgniter\Email\Email->spoolEmail()
#4 C:\xampp\htdocs\toko_online\app\Controllers\Transaksi.php(98): CodeIgniter\Email\Email->send()
#5 C:\xampp\htdocs\toko_online\app\Controllers\Transaksi.php(81): App\Controllers\Transaksi->sendEmail('http://127.0.0....', 'deavenditama@gm...', 'Invoice', '<h1>Invoice Pem...')
#6 C:\xampp\htdocs\toko_online\vendor\codeigniter4\framework\system\CodeIgniter.php(943): App\Controllers\Transaksi->invoice('1')
#7 C:\xampp\htdocs\toko_online\vendor\codeigniter4\framework\system\CodeIgniter.php(503): CodeIgniter\CodeIgniter->runController(Object(App\Controllers\Transaksi))
#8 C:\xampp\htdocs\toko_online\vendor\codeigniter4\framework\system\CodeIgniter.php(361): CodeIgniter\CodeIgniter->handleRequest(NULL, Object(Config\Cache), false)
#9 C:\xampp\htdocs\toko_online\public\index.php(79): CodeIgniter\CodeIgniter->run()
#10 {main}
ERROR - 2024-04-17 09:42:53 --> Email: Unable to send email using PHP mail(). Your server might not be configured to send mail using this method.
ERROR - 2024-04-17 09:42:53 --> 
INFO - 2024-04-17 09:42:53 --> Session: Class initialized using 'CodeIgniter\Session\Handlers\FileHandler' driver.
INFO - 2024-04-17 09:51:26 --> Session: Class initialized using 'CodeIgniter\Session\Handlers\FileHandler' driver.
INFO - 2024-04-17 09:51:30 --> Session: Class initialized using 'CodeIgniter\Session\Handlers\FileHandler' driver.
ERROR - 2024-04-17 09:51:32 --> Email: sendWithMail throwed ErrorException: mail(): Failed to connect to mailserver at &quot;localhost&quot; port 25, verify your &quot;SMTP&quot; and &quot;smtp_port&quot; setting in php.ini or use ini_set() in C:\xampp\htdocs\toko_online\vendor\codeigniter4\framework\system\Email\Email.php:1763
Stack trace:
#0 [internal function]: CodeIgniter\Debug\Exceptions->errorHandler(2, 'mail(): Failed ...', 'C:\\xampp\\htdocs...', 1763)
#1 C:\xampp\htdocs\toko_online\vendor\codeigniter4\framework\system\Email\Email.php(1763): mail('deavenditama@gm...', '=?UTF-8?Q?Invoi...', 'This is a multi...', 'Date: Wed, 17 A...', '-f deavenditama...')
#2 C:\xampp\htdocs\toko_online\vendor\codeigniter4\framework\system\Email\Email.php(1695): CodeIgniter\Email\Email->sendWithMail()
#3 C:\xampp\htdocs\toko_online\vendor\codeigniter4\framework\system\Email\Email.php(1587): CodeIgniter\Email\Email->spoolEmail()
#4 C:\xampp\htdocs\toko_online\app\Controllers\Transaksi.php(98): CodeIgniter\Email\Email->send()
#5 C:\xampp\htdocs\toko_online\app\Controllers\Transaksi.php(81): App\Controllers\Transaksi->sendEmail('http://127.0.0....', 'deavenditama@gm...', 'Invoice', '<h1>Invoice Pem...')
#6 C:\xampp\htdocs\toko_online\vendor\codeigniter4\framework\system\CodeIgniter.php(943): App\Controllers\Transaksi->invoice('1')
#7 C:\xampp\htdocs\toko_online\vendor\codeigniter4\framework\system\CodeIgniter.php(503): CodeIgniter\CodeIgniter->runController(Object(App\Controllers\Transaksi))
#8 C:\xampp\htdocs\toko_online\vendor\codeigniter4\framework\system\CodeIgniter.php(361): CodeIgniter\CodeIgniter->handleRequest(NULL, Object(Config\Cache), false)
#9 C:\xampp\htdocs\toko_online\public\index.php(79): CodeIgniter\CodeIgniter->run()
#10 {main}
ERROR - 2024-04-17 09:51:32 --> Email: Unable to send email using PHP mail(). Your server might not be configured to send mail using this method.
ERROR - 2024-04-17 09:51:32 --> 
INFO - 2024-04-17 09:51:32 --> Session: Class initialized using 'CodeIgniter\Session\Handlers\FileHandler' driver.
INFO - 2024-04-17 09:52:13 --> Session: Class initialized using 'CodeIgniter\Session\Handlers\FileHandler' driver.
INFO - 2024-04-17 09:52:15 --> Session: Class initialized using 'CodeIgniter\Session\Handlers\FileHandler' driver.
INFO - 2024-04-17 09:52:17 --> Session: Class initialized using 'CodeIgniter\Session\Handlers\FileHandler' driver.
ERROR - 2024-04-17 09:52:20 --> Email: sendWithMail throwed ErrorException: mail(): Failed to connect to mailserver at &quot;localhost&quot; port 25, verify your &quot;SMTP&quot; and &quot;smtp_port&quot; setting in php.ini or use ini_set() in C:\xampp\htdocs\toko_online\vendor\codeigniter4\framework\system\Email\Email.php:1763
Stack trace:
#0 [internal function]: CodeIgniter\Debug\Exceptions->errorHandler(2, 'mail(): Failed ...', 'C:\\xampp\\htdocs...', 1763)
#1 C:\xampp\htdocs\toko_online\vendor\codeigniter4\framework\system\Email\Email.php(1763): mail('deavenditama@gm...', '=?UTF-8?Q?Invoi...', 'This is a multi...', 'Date: Wed, 17 A...', '-f deavenditama...')
#2 C:\xampp\htdocs\toko_online\vendor\codeigniter4\framework\system\Email\Email.php(1695): CodeIgniter\Email\Email->sendWithMail()
#3 C:\xampp\htdocs\toko_online\vendor\codeigniter4\framework\system\Email\Email.php(1587): CodeIgniter\Email\Email->spoolEmail()
#4 C:\xampp\htdocs\toko_online\app\Controllers\Transaksi.php(98): CodeIgniter\Email\Email->send()
#5 C:\xampp\htdocs\toko_online\app\Controllers\Transaksi.php(81): App\Controllers\Transaksi->sendEmail('http://127.0.0....', 'deavenditama@gm...', 'Invoice', '<h1>Invoice Pem...')
#6 C:\xampp\htdocs\toko_online\vendor\codeigniter4\framework\system\CodeIgniter.php(943): App\Controllers\Transaksi->invoice('1')
#7 C:\xampp\htdocs\toko_online\vendor\codeigniter4\framework\system\CodeIgniter.php(503): CodeIgniter\CodeIgniter->runController(Object(App\Controllers\Transaksi))
#8 C:\xampp\htdocs\toko_online\vendor\codeigniter4\framework\system\CodeIgniter.php(361): CodeIgniter\CodeIgniter->handleRequest(NULL, Object(Config\Cache), false)
#9 C:\xampp\htdocs\toko_online\public\index.php(79): CodeIgniter\CodeIgniter->run()
#10 {main}
ERROR - 2024-04-17 09:52:20 --> Email: Unable to send email using PHP mail(). Your server might not be configured to send mail using this method.
ERROR - 2024-04-17 09:52:20 --> 
INFO - 2024-04-17 09:52:20 --> Session: Class initialized using 'CodeIgniter\Session\Handlers\FileHandler' driver.
INFO - 2024-04-17 09:52:34 --> Session: Class initialized using 'CodeIgniter\Session\Handlers\FileHandler' driver.
ERROR - 2024-04-17 09:52:36 --> Email: sendWithMail throwed ErrorException: mail(): Failed to connect to mailserver at &quot;localhost&quot; port 25, verify your &quot;SMTP&quot; and &quot;smtp_port&quot; setting in php.ini or use ini_set() in C:\xampp\htdocs\toko_online\vendor\codeigniter4\framework\system\Email\Email.php:1763
Stack trace:
#0 [internal function]: CodeIgniter\Debug\Exceptions->errorHandler(2, 'mail(): Failed ...', 'C:\\xampp\\htdocs...', 1763)
#1 C:\xampp\htdocs\toko_online\vendor\codeigniter4\framework\system\Email\Email.php(1763): mail('deavenditama@gm...', '=?UTF-8?Q?Invoi...', 'This is a multi...', 'Date: Wed, 17 A...', '-f deavenditama...')
#2 C:\xampp\htdocs\toko_online\vendor\codeigniter4\framework\system\Email\Email.php(1695): CodeIgniter\Email\Email->sendWithMail()
#3 C:\xampp\htdocs\toko_online\vendor\codeigniter4\framework\system\Email\Email.php(1587): CodeIgniter\Email\Email->spoolEmail()
#4 C:\xampp\htdocs\toko_online\app\Controllers\Transaksi.php(98): CodeIgniter\Email\Email->send()
#5 C:\xampp\htdocs\toko_online\app\Controllers\Transaksi.php(81): App\Controllers\Transaksi->sendEmail('http://127.0.0....', 'deavenditama@gm...', 'Invoice', '<h1>Invoice Pem...')
#6 C:\xampp\htdocs\toko_online\vendor\codeigniter4\framework\system\CodeIgniter.php(943): App\Controllers\Transaksi->invoice('1')
#7 C:\xampp\htdocs\toko_online\vendor\codeigniter4\framework\system\CodeIgniter.php(503): CodeIgniter\CodeIgniter->runController(Object(App\Controllers\Transaksi))
#8 C:\xampp\htdocs\toko_online\vendor\codeigniter4\framework\system\CodeIgniter.php(361): CodeIgniter\CodeIgniter->handleRequest(NULL, Object(Config\Cache), false)
#9 C:\xampp\htdocs\toko_online\public\index.php(79): CodeIgniter\CodeIgniter->run()
#10 {main}
ERROR - 2024-04-17 09:52:36 --> Email: Unable to send email using PHP mail(). Your server might not be configured to send mail using this method.
ERROR - 2024-04-17 09:52:36 --> 
INFO - 2024-04-17 09:52:37 --> Session: Class initialized using 'CodeIgniter\Session\Handlers\FileHandler' driver.
INFO - 2024-04-17 09:53:41 --> Session: Class initialized using 'CodeIgniter\Session\Handlers\FileHandler' driver.
INFO - 2024-04-17 09:53:42 --> Session: Class initialized using 'CodeIgniter\Session\Handlers\FileHandler' driver.
INFO - 2024-04-17 09:53:44 --> Session: Class initialized using 'CodeIgniter\Session\Handlers\FileHandler' driver.
ERROR - 2024-04-17 09:53:46 --> Email: sendWithMail throwed ErrorException: mail(): Failed to connect to mailserver at &quot;localhost&quot; port 25, verify your &quot;SMTP&quot; and &quot;smtp_port&quot; setting in php.ini or use ini_set() in C:\xampp\htdocs\toko_online\vendor\codeigniter4\framework\system\Email\Email.php:1763
Stack trace:
#0 [internal function]: CodeIgniter\Debug\Exceptions->errorHandler(2, 'mail(): Failed ...', 'C:\\xampp\\htdocs...', 1763)
#1 C:\xampp\htdocs\toko_online\vendor\codeigniter4\framework\system\Email\Email.php(1763): mail('deavenditama@gm...', '=?UTF-8?Q?Invoi...', 'This is a multi...', 'Date: Wed, 17 A...', '-f deavenditama...')
#2 C:\xampp\htdocs\toko_online\vendor\codeigniter4\framework\system\Email\Email.php(1695): CodeIgniter\Email\Email->sendWithMail()
#3 C:\xampp\htdocs\toko_online\vendor\codeigniter4\framework\system\Email\Email.php(1587): CodeIgniter\Email\Email->spoolEmail()
#4 C:\xampp\htdocs\toko_online\app\Controllers\Transaksi.php(98): CodeIgniter\Email\Email->send()
#5 C:\xampp\htdocs\toko_online\app\Controllers\Transaksi.php(81): App\Controllers\Transaksi->sendEmail('http://127.0.0....', 'deavenditama@gm...', 'Invoice', '<h1>Invoice Pem...')
#6 C:\xampp\htdocs\toko_online\vendor\codeigniter4\framework\system\CodeIgniter.php(943): App\Controllers\Transaksi->invoice('1')
#7 C:\xampp\htdocs\toko_online\vendor\codeigniter4\framework\system\CodeIgniter.php(503): CodeIgniter\CodeIgniter->runController(Object(App\Controllers\Transaksi))
#8 C:\xampp\htdocs\toko_online\vendor\codeigniter4\framework\system\CodeIgniter.php(361): CodeIgniter\CodeIgniter->handleRequest(NULL, Object(Config\Cache), false)
#9 C:\xampp\htdocs\toko_online\public\index.php(79): CodeIgniter\CodeIgniter->run()
#10 {main}
ERROR - 2024-04-17 09:53:46 --> Email: Unable to send email using PHP mail(). Your server might not be configured to send mail using this method.
ERROR - 2024-04-17 09:53:46 --> 
INFO - 2024-04-17 09:53:46 --> Session: Class initialized using 'CodeIgniter\Session\Handlers\FileHandler' driver.
INFO - 2024-04-17 09:56:00 --> Session: Class initialized using 'CodeIgniter\Session\Handlers\FileHandler' driver.
INFO - 2024-04-17 09:56:03 --> Session: Class initialized using 'CodeIgniter\Session\Handlers\FileHandler' driver.
INFO - 2024-04-17 09:56:07 --> Session: Class initialized using 'CodeIgniter\Session\Handlers\FileHandler' driver.
INFO - 2024-04-17 09:56:09 --> Session: Class initialized using 'CodeIgniter\Session\Handlers\FileHandler' driver.
ERROR - 2024-04-17 09:56:12 --> Email: sendWithMail throwed ErrorException: mail(): Failed to connect to mailserver at &quot;localhost&quot; port 25, verify your &quot;SMTP&quot; and &quot;smtp_port&quot; setting in php.ini or use ini_set() in C:\xampp\htdocs\toko_online\vendor\codeigniter4\framework\system\Email\Email.php:1763
Stack trace:
#0 [internal function]: CodeIgniter\Debug\Exceptions->errorHandler(2, 'mail(): Failed ...', 'C:\\xampp\\htdocs...', 1763)
#1 C:\xampp\htdocs\toko_online\vendor\codeigniter4\framework\system\Email\Email.php(1763): mail('deavenditama@gm...', '=?UTF-8?Q?Invoi...', 'This is a multi...', 'Date: Wed, 17 A...', '-f deavenditama...')
#2 C:\xampp\htdocs\toko_online\vendor\codeigniter4\framework\system\Email\Email.php(1695): CodeIgniter\Email\Email->sendWithMail()
#3 C:\xampp\htdocs\toko_online\vendor\codeigniter4\framework\system\Email\Email.php(1587): CodeIgniter\Email\Email->spoolEmail()
#4 C:\xampp\htdocs\toko_online\app\Controllers\Transaksi.php(98): CodeIgniter\Email\Email->send()
#5 C:\xampp\htdocs\toko_online\app\Controllers\Transaksi.php(81): App\Controllers\Transaksi->sendEmail('http://127.0.0....', 'deavenditama@gm...', 'Invoice', '<h1>Invoice Pem...')
#6 C:\xampp\htdocs\toko_online\vendor\codeigniter4\framework\system\CodeIgniter.php(943): App\Controllers\Transaksi->invoice('1')
#7 C:\xampp\htdocs\toko_online\vendor\codeigniter4\framework\system\CodeIgniter.php(503): CodeIgniter\CodeIgniter->runController(Object(App\Controllers\Transaksi))
#8 C:\xampp\htdocs\toko_online\vendor\codeigniter4\framework\system\CodeIgniter.php(361): CodeIgniter\CodeIgniter->handleRequest(NULL, Object(Config\Cache), false)
#9 C:\xampp\htdocs\toko_online\public\index.php(79): CodeIgniter\CodeIgniter->run()
#10 {main}
ERROR - 2024-04-17 09:56:12 --> Email: Unable to send email using PHP mail(). Your server might not be configured to send mail using this method.
ERROR - 2024-04-17 09:56:12 --> 
INFO - 2024-04-17 09:56:12 --> Session: Class initialized using 'CodeIgniter\Session\Handlers\FileHandler' driver.
INFO - 2024-04-17 09:56:16 --> Session: Class initialized using 'CodeIgniter\Session\Handlers\FileHandler' driver.
INFO - 2024-04-17 09:56:18 --> Session: Class initialized using 'CodeIgniter\Session\Handlers\FileHandler' driver.
INFO - 2024-04-17 09:56:50 --> Session: Class initialized using 'CodeIgniter\Session\Handlers\FileHandler' driver.
INFO - 2024-04-17 09:56:52 --> Session: Class initialized using 'CodeIgniter\Session\Handlers\FileHandler' driver.
INFO - 2024-04-17 09:56:55 --> Session: Class initialized using 'CodeIgniter\Session\Handlers\FileHandler' driver.
INFO - 2024-04-17 09:58:34 --> Session: Class initialized using 'CodeIgniter\Session\Handlers\FileHandler' driver.
INFO - 2024-04-17 09:58:36 --> Session: Class initialized using 'CodeIgniter\Session\Handlers\FileHandler' driver.
ERROR - 2024-04-17 09:58:39 --> Email: sendWithMail throwed ErrorException: mail(): Failed to connect to mailserver at &quot;localhost&quot; port 25, verify your &quot;SMTP&quot; and &quot;smtp_port&quot; setting in php.ini or use ini_set() in C:\xampp\htdocs\toko_online\vendor\codeigniter4\framework\system\Email\Email.php:1763
Stack trace:
#0 [internal function]: CodeIgniter\Debug\Exceptions->errorHandler(2, 'mail(): Failed ...', 'C:\\xampp\\htdocs...', 1763)
#1 C:\xampp\htdocs\toko_online\vendor\codeigniter4\framework\system\Email\Email.php(1763): mail('deavenditama@gm...', '=?UTF-8?Q?Invoi...', 'This is a multi...', 'Date: Wed, 17 A...', '-f deavenditama...')
#2 C:\xampp\htdocs\toko_online\vendor\codeigniter4\framework\system\Email\Email.php(1695): CodeIgniter\Email\Email->sendWithMail()
#3 C:\xampp\htdocs\toko_online\vendor\codeigniter4\framework\system\Email\Email.php(1587): CodeIgniter\Email\Email->spoolEmail()
#4 C:\xampp\htdocs\toko_online\app\Controllers\Transaksi.php(98): CodeIgniter\Email\Email->send()
#5 C:\xampp\htdocs\toko_online\app\Controllers\Transaksi.php(81): App\Controllers\Transaksi->sendEmail('http://127.0.0....', 'deavenditama@gm...', 'Invoice', '<h1>Invoice Pem...')
#6 C:\xampp\htdocs\toko_online\vendor\codeigniter4\framework\system\CodeIgniter.php(943): App\Controllers\Transaksi->invoice('1')
#7 C:\xampp\htdocs\toko_online\vendor\codeigniter4\framework\system\CodeIgniter.php(503): CodeIgniter\CodeIgniter->runController(Object(App\Controllers\Transaksi))
#8 C:\xampp\htdocs\toko_online\vendor\codeigniter4\framework\system\CodeIgniter.php(361): CodeIgniter\CodeIgniter->handleRequest(NULL, Object(Config\Cache), false)
#9 C:\xampp\htdocs\toko_online\public\index.php(79): CodeIgniter\CodeIgniter->run()
#10 {main}
ERROR - 2024-04-17 09:58:39 --> Email: Unable to send email using PHP mail(). Your server might not be configured to send mail using this method.
ERROR - 2024-04-17 09:58:39 --> 
INFO - 2024-04-17 09:58:39 --> Session: Class initialized using 'CodeIgniter\Session\Handlers\FileHandler' driver.
INFO - 2024-04-17 10:03:36 --> Session: Class initialized using 'CodeIgniter\Session\Handlers\FileHandler' driver.
INFO - 2024-04-17 10:03:38 --> Session: Class initialized using 'CodeIgniter\Session\Handlers\FileHandler' driver.
ERROR - 2024-04-17 10:03:40 --> Email: sendWithMail throwed ErrorException: mail(): Failed to connect to mailserver at &quot;localhost&quot; port 25, verify your &quot;SMTP&quot; and &quot;smtp_port&quot; setting in php.ini or use ini_set() in C:\xampp\htdocs\toko_online\vendor\codeigniter4\framework\system\Email\Email.php:1763
Stack trace:
#0 [internal function]: CodeIgniter\Debug\Exceptions->errorHandler(2, 'mail(): Failed ...', 'C:\\xampp\\htdocs...', 1763)
#1 C:\xampp\htdocs\toko_online\vendor\codeigniter4\framework\system\Email\Email.php(1763): mail('deavenditama@gm...', '=?UTF-8?Q?Invoi...', 'This is a multi...', 'Date: Wed, 17 A...', '-f chaerulhiday...')
#2 C:\xampp\htdocs\toko_online\vendor\codeigniter4\framework\system\Email\Email.php(1695): CodeIgniter\Email\Email->sendWithMail()
#3 C:\xampp\htdocs\toko_online\vendor\codeigniter4\framework\system\Email\Email.php(1587): CodeIgniter\Email\Email->spoolEmail()
#4 C:\xampp\htdocs\toko_online\app\Controllers\Transaksi.php(98): CodeIgniter\Email\Email->send()
#5 C:\xampp\htdocs\toko_online\app\Controllers\Transaksi.php(81): App\Controllers\Transaksi->sendEmail('http://127.0.0....', 'deavenditama@gm...', 'Invoice', '<h1>Invoice Pem...')
#6 C:\xampp\htdocs\toko_online\vendor\codeigniter4\framework\system\CodeIgniter.php(943): App\Controllers\Transaksi->invoice('1')
#7 C:\xampp\htdocs\toko_online\vendor\codeigniter4\framework\system\CodeIgniter.php(503): CodeIgniter\CodeIgniter->runController(Object(App\Controllers\Transaksi))
#8 C:\xampp\htdocs\toko_online\vendor\codeigniter4\framework\system\CodeIgniter.php(361): CodeIgniter\CodeIgniter->handleRequest(NULL, Object(Config\Cache), false)
#9 C:\xampp\htdocs\toko_online\public\index.php(79): CodeIgniter\CodeIgniter->run()
#10 {main}
ERROR - 2024-04-17 10:03:40 --> Email: Unable to send email using PHP mail(). Your server might not be configured to send mail using this method.
ERROR - 2024-04-17 10:03:40 --> 
INFO - 2024-04-17 10:03:40 --> Session: Class initialized using 'CodeIgniter\Session\Handlers\FileHandler' driver.
INFO - 2024-04-17 10:03:50 --> Session: Class initialized using 'CodeIgniter\Session\Handlers\FileHandler' driver.
INFO - 2024-04-17 10:04:04 --> Session: Class initialized using 'CodeIgniter\Session\Handlers\FileHandler' driver.
INFO - 2024-04-17 10:04:23 --> Session: Class initialized using 'CodeIgniter\Session\Handlers\FileHandler' driver.
ERROR - 2024-04-17 10:04:25 --> Email: sendWithMail throwed ErrorException: mail(): Failed to connect to mailserver at &quot;localhost&quot; port 25, verify your &quot;SMTP&quot; and &quot;smtp_port&quot; setting in php.ini or use ini_set() in C:\xampp\htdocs\toko_online\vendor\codeigniter4\framework\system\Email\Email.php:1763
Stack trace:
#0 [internal function]: CodeIgniter\Debug\Exceptions->errorHandler(2, 'mail(): Failed ...', 'C:\\xampp\\htdocs...', 1763)
#1 C:\xampp\htdocs\toko_online\vendor\codeigniter4\framework\system\Email\Email.php(1763): mail('deavenditama@gm...', '=?UTF-8?Q?Invoi...', 'This is a multi...', 'Date: Wed, 17 A...', '-f chaerulhiday...')
#2 C:\xampp\htdocs\toko_online\vendor\codeigniter4\framework\system\Email\Email.php(1695): CodeIgniter\Email\Email->sendWithMail()
#3 C:\xampp\htdocs\toko_online\vendor\codeigniter4\framework\system\Email\Email.php(1587): CodeIgniter\Email\Email->spoolEmail()
#4 C:\xampp\htdocs\toko_online\app\Controllers\Transaksi.php(98): CodeIgniter\Email\Email->send()
#5 C:\xampp\htdocs\toko_online\app\Controllers\Transaksi.php(81): App\Controllers\Transaksi->sendEmail('http://127.0.0....', 'deavenditama@gm...', 'Invoice', '<h1>Invoice Pem...')
#6 C:\xampp\htdocs\toko_online\vendor\codeigniter4\framework\system\CodeIgniter.php(943): App\Controllers\Transaksi->invoice('2')
#7 C:\xampp\htdocs\toko_online\vendor\codeigniter4\framework\system\CodeIgniter.php(503): CodeIgniter\CodeIgniter->runController(Object(App\Controllers\Transaksi))
#8 C:\xampp\htdocs\toko_online\vendor\codeigniter4\framework\system\CodeIgniter.php(361): CodeIgniter\CodeIgniter->handleRequest(NULL, Object(Config\Cache), false)
#9 C:\xampp\htdocs\toko_online\public\index.php(79): CodeIgniter\CodeIgniter->run()
#10 {main}
ERROR - 2024-04-17 10:04:25 --> Email: Unable to send email using PHP mail(). Your server might not be configured to send mail using this method.
ERROR - 2024-04-17 10:04:25 --> 
INFO - 2024-04-17 10:04:25 --> Session: Class initialized using 'CodeIgniter\Session\Handlers\FileHandler' driver.
INFO - 2024-04-17 10:06:13 --> Session: Class initialized using 'CodeIgniter\Session\Handlers\FileHandler' driver.
INFO - 2024-04-17 10:06:19 --> Session: Class initialized using 'CodeIgniter\Session\Handlers\FileHandler' driver.
INFO - 2024-04-17 10:06:21 --> Session: Class initialized using 'CodeIgniter\Session\Handlers\FileHandler' driver.
INFO - 2024-04-17 10:06:23 --> Session: Class initialized using 'CodeIgniter\Session\Handlers\FileHandler' driver.
INFO - 2024-04-17 10:07:58 --> Session: Class initialized using 'CodeIgniter\Session\Handlers\FileHandler' driver.
INFO - 2024-04-17 10:08:03 --> Session: Class initialized using 'CodeIgniter\Session\Handlers\FileHandler' driver.
INFO - 2024-04-17 10:08:05 --> Session: Class initialized using 'CodeIgniter\Session\Handlers\FileHandler' driver.
INFO - 2024-04-17 10:08:22 --> Session: Class initialized using 'CodeIgniter\Session\Handlers\FileHandler' driver.
ERROR - 2024-04-17 10:08:24 --> Email: sendWithMail throwed ErrorException: mail(): Failed to connect to mailserver at &quot;localhost&quot; port 25, verify your &quot;SMTP&quot; and &quot;smtp_port&quot; setting in php.ini or use ini_set() in C:\xampp\htdocs\toko_online\vendor\codeigniter4\framework\system\Email\Email.php:1763
Stack trace:
#0 [internal function]: CodeIgniter\Debug\Exceptions->errorHandler(2, 'mail(): Failed ...', 'C:\\xampp\\htdocs...', 1763)
#1 C:\xampp\htdocs\toko_online\vendor\codeigniter4\framework\system\Email\Email.php(1763): mail('deavenditama@gm...', '=?UTF-8?Q?Invoi...', 'This is a multi...', 'Date: Wed, 17 A...', '-f chaerulhiday...')
#2 C:\xampp\htdocs\toko_online\vendor\codeigniter4\framework\system\Email\Email.php(1695): CodeIgniter\Email\Email->sendWithMail()
#3 C:\xampp\htdocs\toko_online\vendor\codeigniter4\framework\system\Email\Email.php(1587): CodeIgniter\Email\Email->spoolEmail()
#4 C:\xampp\htdocs\toko_online\app\Controllers\Transaksi.php(98): CodeIgniter\Email\Email->send()
#5 C:\xampp\htdocs\toko_online\app\Controllers\Transaksi.php(81): App\Controllers\Transaksi->sendEmail('http://127.0.0....', 'deavenditama@gm...', 'Invoice', '<h1>Invoice Pem...')
#6 C:\xampp\htdocs\toko_online\vendor\codeigniter4\framework\system\CodeIgniter.php(943): App\Controllers\Transaksi->invoice('1')
#7 C:\xampp\htdocs\toko_online\vendor\codeigniter4\framework\system\CodeIgniter.php(503): CodeIgniter\CodeIgniter->runController(Object(App\Controllers\Transaksi))
#8 C:\xampp\htdocs\toko_online\vendor\codeigniter4\framework\system\CodeIgniter.php(361): CodeIgniter\CodeIgniter->handleRequest(NULL, Object(Config\Cache), false)
#9 C:\xampp\htdocs\toko_online\public\index.php(79): CodeIgniter\CodeIgniter->run()
#10 {main}
ERROR - 2024-04-17 10:08:24 --> Email: Unable to send email using PHP mail(). Your server might not be configured to send mail using this method.
ERROR - 2024-04-17 10:08:24 --> 
INFO - 2024-04-17 10:08:24 --> Session: Class initialized using 'CodeIgniter\Session\Handlers\FileHandler' driver.
INFO - 2024-04-17 10:08:27 --> Session: Class initialized using 'CodeIgniter\Session\Handlers\FileHandler' driver.
ERROR - 2024-04-17 10:08:29 --> Email: sendWithMail throwed ErrorException: mail(): Failed to connect to mailserver at &quot;localhost&quot; port 25, verify your &quot;SMTP&quot; and &quot;smtp_port&quot; setting in php.ini or use ini_set() in C:\xampp\htdocs\toko_online\vendor\codeigniter4\framework\system\Email\Email.php:1763
Stack trace:
#0 [internal function]: CodeIgniter\Debug\Exceptions->errorHandler(2, 'mail(): Failed ...', 'C:\\xampp\\htdocs...', 1763)
#1 C:\xampp\htdocs\toko_online\vendor\codeigniter4\framework\system\Email\Email.php(1763): mail('deavenditama@gm...', '=?UTF-8?Q?Invoi...', 'This is a multi...', 'Date: Wed, 17 A...', '-f chaerulhiday...')
#2 C:\xampp\htdocs\toko_online\vendor\codeigniter4\framework\system\Email\Email.php(1695): CodeIgniter\Email\Email->sendWithMail()
#3 C:\xampp\htdocs\toko_online\vendor\codeigniter4\framework\system\Email\Email.php(1587): CodeIgniter\Email\Email->spoolEmail()
#4 C:\xampp\htdocs\toko_online\app\Controllers\Transaksi.php(98): CodeIgniter\Email\Email->send()
#5 C:\xampp\htdocs\toko_online\app\Controllers\Transaksi.php(81): App\Controllers\Transaksi->sendEmail('http://127.0.0....', 'deavenditama@gm...', 'Invoice', '<h1>Invoice Pem...')
#6 C:\xampp\htdocs\toko_online\vendor\codeigniter4\framework\system\CodeIgniter.php(943): App\Controllers\Transaksi->invoice('1')
#7 C:\xampp\htdocs\toko_online\vendor\codeigniter4\framework\system\CodeIgniter.php(503): CodeIgniter\CodeIgniter->runController(Object(App\Controllers\Transaksi))
#8 C:\xampp\htdocs\toko_online\vendor\codeigniter4\framework\system\CodeIgniter.php(361): CodeIgniter\CodeIgniter->handleRequest(NULL, Object(Config\Cache), false)
#9 C:\xampp\htdocs\toko_online\public\index.php(79): CodeIgniter\CodeIgniter->run()
#10 {main}
ERROR - 2024-04-17 10:08:29 --> Email: Unable to send email using PHP mail(). Your server might not be configured to send mail using this method.
ERROR - 2024-04-17 10:08:29 --> 
INFO - 2024-04-17 10:08:30 --> Session: Class initialized using 'CodeIgniter\Session\Handlers\FileHandler' driver.
