INFO - 2024-04-19 08:56:22 --> Session: Class initialized using 'CodeIgniter\Session\Handlers\FileHandler' driver.
INFO - 2024-04-19 08:56:22 --> Session: Class initialized using 'CodeIgniter\Session\Handlers\FileHandler' driver.
INFO - 2024-04-19 08:56:24 --> Session: Class initialized using 'CodeIgniter\Session\Handlers\FileHandler' driver.
INFO - 2024-04-19 08:56:50 --> Session: Class initialized using 'CodeIgniter\Session\Handlers\FileHandler' driver.
INFO - 2024-04-19 08:56:51 --> Session: Class initialized using 'CodeIgniter\Session\Handlers\FileHandler' driver.
INFO - 2024-04-19 08:58:06 --> Session: Class initialized using 'CodeIgniter\Session\Handlers\FileHandler' driver.
INFO - 2024-04-19 08:58:16 --> Session: Class initialized using 'CodeIgniter\Session\Handlers\FileHandler' driver.
INFO - 2024-04-19 08:58:20 --> Session: Class initialized using 'CodeIgniter\Session\Handlers\FileHandler' driver.
INFO - 2024-04-19 08:58:24 --> Session: Class initialized using 'CodeIgniter\Session\Handlers\FileHandler' driver.
INFO - 2024-04-19 08:58:27 --> Session: Class initialized using 'CodeIgniter\Session\Handlers\FileHandler' driver.
ERROR - 2024-04-19 08:58:31 --> Email: sendWithMail throwed ErrorException: mail(): Failed to connect to mailserver at &quot;localhost&quot; port 25, verify your &quot;SMTP&quot; and &quot;smtp_port&quot; setting in php.ini or use ini_set() in C:\xampp\htdocs\toko_online\vendor\codeigniter4\framework\system\Email\Email.php:1763
Stack trace:
#0 [internal function]: CodeIgniter\Debug\Exceptions->errorHandler(2, 'mail(): Failed ...', 'C:\\xampp\\htdocs...', 1763)
#1 C:\xampp\htdocs\toko_online\vendor\codeigniter4\framework\system\Email\Email.php(1763): mail('deavenditama@gm...', '=?UTF-8?Q?Invoi...', 'This is a multi...', 'Date: Fri, 19 A...', '-f chaerulhiday...')
#2 C:\xampp\htdocs\toko_online\vendor\codeigniter4\framework\system\Email\Email.php(1695): CodeIgniter\Email\Email->sendWithMail()
#3 C:\xampp\htdocs\toko_online\vendor\codeigniter4\framework\system\Email\Email.php(1587): CodeIgniter\Email\Email->spoolEmail()
#4 C:\xampp\htdocs\toko_online\app\Controllers\Transaksi.php(98): CodeIgniter\Email\Email->send()
#5 C:\xampp\htdocs\toko_online\app\Controllers\Transaksi.php(81): App\Controllers\Transaksi->sendEmail('http://127.0.0....', 'deavenditama@gm...', 'Invoice', '<h1>Invoice Pem...')
#6 C:\xampp\htdocs\toko_online\vendor\codeigniter4\framework\system\CodeIgniter.php(943): App\Controllers\Transaksi->invoice('1')
#7 C:\xampp\htdocs\toko_online\vendor\codeigniter4\framework\system\CodeIgniter.php(503): CodeIgniter\CodeIgniter->runController(Object(App\Controllers\Transaksi))
#8 C:\xampp\htdocs\toko_online\vendor\codeigniter4\framework\system\CodeIgniter.php(361): CodeIgniter\CodeIgniter->handleRequest(NULL, Object(Config\Cache), false)
#9 C:\xampp\htdocs\toko_online\public\index.php(79): CodeIgniter\CodeIgniter->run()
#10 {main}
ERROR - 2024-04-19 08:58:31 --> Email: Unable to send email using PHP mail(). Your server might not be configured to send mail using this method.
ERROR - 2024-04-19 08:58:31 --> 
INFO - 2024-04-19 08:58:31 --> Session: Class initialized using 'CodeIgniter\Session\Handlers\FileHandler' driver.
